[debug] [2023-10-04T08:38:39.344Z] ----------------------------------------------------------------------
[debug] [2023-10-04T08:38:39.346Z] Command:       C:\Program Files\nodejs\node.exe C:\Users\luca.giuntoli\AppData\Roaming\npm\node_modules\firebase-tools\lib\bin\firebase.js deploy --only hosting --token FIREBASE_TOKEN
[debug] [2023-10-04T08:38:39.347Z] CLI Version:   12.6.1
[debug] [2023-10-04T08:38:39.347Z] Platform:      win32
[debug] [2023-10-04T08:38:39.347Z] Node Version:  v18.16.1
[debug] [2023-10-04T08:38:39.348Z] Time:          Wed Oct 04 2023 10:38:39 GMT+0200 (Ora legale dell’Europa centrale)
[debug] [2023-10-04T08:38:39.348Z] ----------------------------------------------------------------------
[debug] 
[debug] [2023-10-04T08:38:39.439Z] > command requires scopes: ["email","openid","https://www.googleapis.com/auth/cloudplatformprojects.readonly","https://www.googleapis.com/auth/firebase","https://www.googleapis.com/auth/cloud-platform"]
[debug] [2023-10-04T08:38:39.439Z] > authorizing via --token option
[warn] !  Authenticating with `--token` is deprecated and will be removed in a future major version of `firebase-tools`. Instead, use a service account key with `GOOGLE_APPLICATION_CREDENTIALS`: https://cloud.google.com/docs/authentication/getting-started 
[debug] [2023-10-04T08:38:39.441Z] [iam] checking project ng-card-new for permissions ["firebase.projects.get","firebasehosting.sites.update"]
[debug] [2023-10-04T08:38:39.442Z] > refreshing access token with scopes: []
[debug] [2023-10-04T08:38:39.444Z] >>> [apiv2][query] POST https://www.googleapis.com/oauth2/v3/token [none]
[debug] [2023-10-04T08:38:39.444Z] >>> [apiv2][body] POST https://www.googleapis.com/oauth2/v3/token [omitted]
[debug] [2023-10-04T08:38:39.834Z] <<< [apiv2][status] POST https://www.googleapis.com/oauth2/v3/token 400
[debug] [2023-10-04T08:38:39.834Z] <<< [apiv2][body] POST https://www.googleapis.com/oauth2/v3/token [omitted]
[debug] [2023-10-04T08:38:39.834Z] >>> [apiv2][query] POST https://cloudresourcemanager.googleapis.com/v1/projects/ng-card-new:testIamPermissions [none]
[debug] [2023-10-04T08:38:39.835Z] >>> [apiv2][(partial)header] POST https://cloudresourcemanager.googleapis.com/v1/projects/ng-card-new:testIamPermissions x-goog-quota-user=projects/ng-card-new
[debug] [2023-10-04T08:38:39.835Z] >>> [apiv2][body] POST https://cloudresourcemanager.googleapis.com/v1/projects/ng-card-new:testIamPermissions {"permissions":["firebase.projects.get","firebasehosting.sites.update"]}
[debug] [2023-10-04T08:38:40.778Z] <<< [apiv2][status] POST https://cloudresourcemanager.googleapis.com/v1/projects/ng-card-new:testIamPermissions 401
[debug] [2023-10-04T08:38:40.778Z] <<< [apiv2][body] POST https://cloudresourcemanager.googleapis.com/v1/projects/ng-card-new:testIamPermissions {"error":{"code":401,"message":"Request had invalid authentication credentials. Expected OAuth 2 access token, login cookie or other valid authentication credential. See https://developers.google.com/identity/sign-in/web/devconsole-project.","status":"UNAUTHENTICATED","details":[{"@type":"type.googleapis.com/google.rpc.ErrorInfo","reason":"ACCESS_TOKEN_TYPE_UNSUPPORTED","metadata":{"method":"google.cloudresourcemanager.v1.Projects.TestIamPermissions","service":"cloudresourcemanager.googleapis.com"}}]}}
[debug] [2023-10-04T08:38:40.779Z] [iam] error while checking permissions, command may fail: FirebaseError: HTTP Error: 401, Request had invalid authentication credentials. Expected OAuth 2 access token, login cookie or other valid authentication credential. See https://developers.google.com/identity/sign-in/web/devconsole-project.
[debug] [2023-10-04T08:38:40.780Z] > refreshing access token with scopes: []
[debug] [2023-10-04T08:38:40.781Z] >>> [apiv2][query] POST https://www.googleapis.com/oauth2/v3/token [none]
[debug] [2023-10-04T08:38:40.781Z] >>> [apiv2][body] POST https://www.googleapis.com/oauth2/v3/token [omitted]
[debug] [2023-10-04T08:38:41.049Z] <<< [apiv2][status] POST https://www.googleapis.com/oauth2/v3/token 400
[debug] [2023-10-04T08:38:41.050Z] <<< [apiv2][body] POST https://www.googleapis.com/oauth2/v3/token [omitted]
[debug] [2023-10-04T08:38:41.050Z] >>> [apiv2][query] GET https://firebase.googleapis.com/v1beta1/projects/ng-card-new [none]
[debug] [2023-10-04T08:38:41.393Z] <<< [apiv2][status] GET https://firebase.googleapis.com/v1beta1/projects/ng-card-new 401
[debug] [2023-10-04T08:38:41.393Z] <<< [apiv2][body] GET https://firebase.googleapis.com/v1beta1/projects/ng-card-new {"error":{"code":401,"message":"Request had invalid authentication credentials. Expected OAuth 2 access token, login cookie or other valid authentication credential. See https://developers.google.com/identity/sign-in/web/devconsole-project.","status":"UNAUTHENTICATED"}}
[debug] [2023-10-04T08:38:41.393Z] HTTP Error: 401, Request had invalid authentication credentials. Expected OAuth 2 access token, login cookie or other valid authentication credential. See https://developers.google.com/identity/sign-in/web/devconsole-project.
[debug] [2023-10-04T08:38:41.394Z] FirebaseError: HTTP Error: 401, Request had invalid authentication credentials. Expected OAuth 2 access token, login cookie or other valid authentication credential. See https://developers.google.com/identity/sign-in/web/devconsole-project.
    at responseToError (C:\Users\luca.giuntoli\AppData\Roaming\npm\node_modules\firebase-tools\lib\responseToError.js:49:12)
    at RetryOperation._fn (C:\Users\luca.giuntoli\AppData\Roaming\npm\node_modules\firebase-tools\lib\apiv2.js:285:77)
    at process.processTicksAndRejections (node:internal/process/task_queues:95:5)
[error] 
[error] Error: Failed to get Firebase project ng-card-new. Please make sure the project exists and your account has permission to access it.
